INFO - 2024-10-26 12:35:18 --> Session: Class initialized using 'CodeIgniter\Session\Handlers\FileHandler' driver.
INFO - 2024-10-26 12:35:18 --> Session: Class initialized using 'CodeIgniter\Session\Handlers\FileHandler' driver.
INFO - 2024-10-26 12:35:24 --> Session: Class initialized using 'CodeIgniter\Session\Handlers\FileHandler' driver.
INFO - 2024-10-26 12:35:24 --> Session: Class initialized using 'CodeIgniter\Session\Handlers\FileHandler' driver.
WARNING - 2024-10-26 12:35:24 --> [DEPRECATED] usort(): Returning bool from comparison function is deprecated, return an integer less than, equal to, or greater than zero in APPPATH\Controllers\Penjualan.php on line 595.
 1 APPPATH\Controllers\Penjualan.php(595): usort([...], Object(Closure))
 2 SYSTEMPATH\CodeIgniter.php(932): App\Controllers\Penjualan->getReportHarian()
 3 SYSTEMPATH\CodeIgniter.php(497): CodeIgniter\CodeIgniter->runController(Object(App\Controllers\Penjualan))
 4 SYSTEMPATH\CodeIgniter.php(366): CodeIgniter\CodeIgniter->handleRequest(null, Object(Config\Cache), false)
 5 FCPATH\index.php(79): CodeIgniter\CodeIgniter->run()
 6 SYSTEMPATH\Commands\Server\rewrite.php(47): require_once('C:\\xampp\\htdocs\\skripsi\\pos-admin\\public\\index.php')
INFO - 2024-10-26 12:35:29 --> Session: Class initialized using 'CodeIgniter\Session\Handlers\FileHandler' driver.
INFO - 2024-10-26 12:35:37 --> Session: Class initialized using 'CodeIgniter\Session\Handlers\FileHandler' driver.
INFO - 2024-10-26 12:36:15 --> Session: Class initialized using 'CodeIgniter\Session\Handlers\FileHandler' driver.
INFO - 2024-10-26 12:36:27 --> Session: Class initialized using 'CodeIgniter\Session\Handlers\FileHandler' driver.
CRITICAL - 2024-10-26 12:36:28 --> Undefined array key 0
in APPPATH\Views\penjualan\detail.php on line 23.
 1 APPPATH\Views\penjualan\detail.php(23): CodeIgniter\Debug\Exceptions->errorHandler(2, 'Undefined array key 0', 'C:\\xampp\\htdocs\\skripsi\\pos-admin\\app\\Views\\penjualan\\detail.php', 23)
 2 SYSTEMPATH\View\View.php(224): include('C:\\xampp\\htdocs\\skripsi\\pos-admin\\app\\Views\\penjualan\\detail.php')
 3 SYSTEMPATH\View\View.php(227): CodeIgniter\View\View->CodeIgniter\View\{closure}()
 4 SYSTEMPATH\Common.php(1176): CodeIgniter\View\View->render('penjualan/detail', [], true)
 5 APPPATH\Controllers\Penjualan.php(230): view('penjualan/detail', [...])
 6 SYSTEMPATH\CodeIgniter.php(932): App\Controllers\Penjualan->detail('b6ETu', '8=')
 7 SYSTEMPATH\CodeIgniter.php(497): CodeIgniter\CodeIgniter->runController(Object(App\Controllers\Penjualan))
 8 SYSTEMPATH\CodeIgniter.php(366): CodeIgniter\CodeIgniter->handleRequest(null, Object(Config\Cache), false)
 9 FCPATH\index.php(79): CodeIgniter\CodeIgniter->run()
10 SYSTEMPATH\Commands\Server\rewrite.php(47): require_once('C:\\xampp\\htdocs\\skripsi\\pos-admin\\public\\index.php')
INFO - 2024-10-26 12:38:13 --> Session: Class initialized using 'CodeIgniter\Session\Handlers\FileHandler' driver.
CRITICAL - 2024-10-26 12:38:13 --> Undefined array key 0
in APPPATH\Views\penjualan\detail.php on line 23.
 1 APPPATH\Views\penjualan\detail.php(23): CodeIgniter\Debug\Exceptions->errorHandler(2, 'Undefined array key 0', 'C:\\xampp\\htdocs\\skripsi\\pos-admin\\app\\Views\\penjualan\\detail.php', 23)
 2 SYSTEMPATH\View\View.php(224): include('C:\\xampp\\htdocs\\skripsi\\pos-admin\\app\\Views\\penjualan\\detail.php')
 3 SYSTEMPATH\View\View.php(227): CodeIgniter\View\View->CodeIgniter\View\{closure}()
 4 SYSTEMPATH\Common.php(1176): CodeIgniter\View\View->render('penjualan/detail', [], true)
 5 APPPATH\Controllers\Penjualan.php(230): view('penjualan/detail', [...])
 6 SYSTEMPATH\CodeIgniter.php(932): App\Controllers\Penjualan->detail('b6ETu', 'k=')
 7 SYSTEMPATH\CodeIgniter.php(497): CodeIgniter\CodeIgniter->runController(Object(App\Controllers\Penjualan))
 8 SYSTEMPATH\CodeIgniter.php(366): CodeIgniter\CodeIgniter->handleRequest(null, Object(Config\Cache), false)
 9 FCPATH\index.php(79): CodeIgniter\CodeIgniter->run()
10 SYSTEMPATH\Commands\Server\rewrite.php(47): require_once('C:\\xampp\\htdocs\\skripsi\\pos-admin\\public\\index.php')
INFO - 2024-10-26 12:38:48 --> Session: Class initialized using 'CodeIgniter\Session\Handlers\FileHandler' driver.
CRITICAL - 2024-10-26 12:38:48 --> Undefined array key 0
in APPPATH\Views\penjualan\detail.php on line 23.
 1 APPPATH\Views\penjualan\detail.php(23): CodeIgniter\Debug\Exceptions->errorHandler(2, 'Undefined array key 0', 'C:\\xampp\\htdocs\\skripsi\\pos-admin\\app\\Views\\penjualan\\detail.php', 23)
 2 SYSTEMPATH\View\View.php(224): include('C:\\xampp\\htdocs\\skripsi\\pos-admin\\app\\Views\\penjualan\\detail.php')
 3 SYSTEMPATH\View\View.php(227): CodeIgniter\View\View->CodeIgniter\View\{closure}()
 4 SYSTEMPATH\Common.php(1176): CodeIgniter\View\View->render('penjualan/detail', [], true)
 5 APPPATH\Controllers\Penjualan.php(230): view('penjualan/detail', [...])
 6 SYSTEMPATH\CodeIgniter.php(932): App\Controllers\Penjualan->detail('b6ETu', '8=')
 7 SYSTEMPATH\CodeIgniter.php(497): CodeIgniter\CodeIgniter->runController(Object(App\Controllers\Penjualan))
 8 SYSTEMPATH\CodeIgniter.php(366): CodeIgniter\CodeIgniter->handleRequest(null, Object(Config\Cache), false)
 9 FCPATH\index.php(79): CodeIgniter\CodeIgniter->run()
10 SYSTEMPATH\Commands\Server\rewrite.php(47): require_once('C:\\xampp\\htdocs\\skripsi\\pos-admin\\public\\index.php')
INFO - 2024-10-26 12:40:04 --> Session: Class initialized using 'CodeIgniter\Session\Handlers\FileHandler' driver.
CRITICAL - 2024-10-26 12:40:04 --> Undefined array key 0
in APPPATH\Views\penjualan\detail.php on line 26.
 1 APPPATH\Views\penjualan\detail.php(26): CodeIgniter\Debug\Exceptions->errorHandler(2, 'Undefined array key 0', 'C:\\xampp\\htdocs\\skripsi\\pos-admin\\app\\Views\\penjualan\\detail.php', 26)
 2 SYSTEMPATH\View\View.php(224): include('C:\\xampp\\htdocs\\skripsi\\pos-admin\\app\\Views\\penjualan\\detail.php')
 3 SYSTEMPATH\View\View.php(227): CodeIgniter\View\View->CodeIgniter\View\{closure}()
 4 SYSTEMPATH\Common.php(1176): CodeIgniter\View\View->render('penjualan/detail', [], true)
 5 APPPATH\Controllers\Penjualan.php(230): view('penjualan/detail', [...])
 6 SYSTEMPATH\CodeIgniter.php(932): App\Controllers\Penjualan->detail('b6ETu', '8=')
 7 SYSTEMPATH\CodeIgniter.php(497): CodeIgniter\CodeIgniter->runController(Object(App\Controllers\Penjualan))
 8 SYSTEMPATH\CodeIgniter.php(366): CodeIgniter\CodeIgniter->handleRequest(null, Object(Config\Cache), false)
 9 FCPATH\index.php(79): CodeIgniter\CodeIgniter->run()
10 SYSTEMPATH\Commands\Server\rewrite.php(47): require_once('C:\\xampp\\htdocs\\skripsi\\pos-admin\\public\\index.php')
INFO - 2024-10-26 12:40:07 --> Session: Class initialized using 'CodeIgniter\Session\Handlers\FileHandler' driver.
CRITICAL - 2024-10-26 12:40:07 --> Undefined array key 0
in APPPATH\Views\penjualan\detail.php on line 26.
 1 APPPATH\Views\penjualan\detail.php(26): CodeIgniter\Debug\Exceptions->errorHandler(2, 'Undefined array key 0', 'C:\\xampp\\htdocs\\skripsi\\pos-admin\\app\\Views\\penjualan\\detail.php', 26)
 2 SYSTEMPATH\View\View.php(224): include('C:\\xampp\\htdocs\\skripsi\\pos-admin\\app\\Views\\penjualan\\detail.php')
 3 SYSTEMPATH\View\View.php(227): CodeIgniter\View\View->CodeIgniter\View\{closure}()
 4 SYSTEMPATH\Common.php(1176): CodeIgniter\View\View->render('penjualan/detail', [], true)
 5 APPPATH\Controllers\Penjualan.php(230): view('penjualan/detail', [...])
 6 SYSTEMPATH\CodeIgniter.php(932): App\Controllers\Penjualan->detail('b6ETu', '8=')
 7 SYSTEMPATH\CodeIgniter.php(497): CodeIgniter\CodeIgniter->runController(Object(App\Controllers\Penjualan))
 8 SYSTEMPATH\CodeIgniter.php(366): CodeIgniter\CodeIgniter->handleRequest(null, Object(Config\Cache), false)
 9 FCPATH\index.php(79): CodeIgniter\CodeIgniter->run()
10 SYSTEMPATH\Commands\Server\rewrite.php(47): require_once('C:\\xampp\\htdocs\\skripsi\\pos-admin\\public\\index.php')
INFO - 2024-10-26 12:40:25 --> Session: Class initialized using 'CodeIgniter\Session\Handlers\FileHandler' driver.
INFO - 2024-10-26 12:41:05 --> Session: Class initialized using 'CodeIgniter\Session\Handlers\FileHandler' driver.
INFO - 2024-10-26 12:41:05 --> Session: Class initialized using 'CodeIgniter\Session\Handlers\FileHandler' driver.
INFO - 2024-10-26 12:41:18 --> Session: Class initialized using 'CodeIgniter\Session\Handlers\FileHandler' driver.
INFO - 2024-10-26 12:42:32 --> Session: Class initialized using 'CodeIgniter\Session\Handlers\FileHandler' driver.
INFO - 2024-10-26 12:42:32 --> Session: Class initialized using 'CodeIgniter\Session\Handlers\FileHandler' driver.
INFO - 2024-10-26 12:43:29 --> Session: Class initialized using 'CodeIgniter\Session\Handlers\FileHandler' driver.
INFO - 2024-10-26 12:43:30 --> Session: Class initialized using 'CodeIgniter\Session\Handlers\FileHandler' driver.
INFO - 2024-10-26 12:46:14 --> Session: Class initialized using 'CodeIgniter\Session\Handlers\FileHandler' driver.
INFO - 2024-10-26 12:46:39 --> Session: Class initialized using 'CodeIgniter\Session\Handlers\FileHandler' driver.
